0	6.11E+05
1.00E-02	6.26E+05
2.00E-02	6.41E+05
3.00E-02	6.56E+05
4.00E-02	6.71E+05
5.00E-02	6.86E+05
6.00E-02	7.00E+05
7.00E-02	7.14E+05
8.00E-02	7.28E+05
9.00E-02	7.42E+05
2.10E-01	5.61E+05
2.20E-01	5.77E+05
2.30E-01	5.92E+05
2.40E-01	6.08E+05
2.50E-01	6.24E+05
2.60E-01	6.40E+05
2.70E-01	6.55E+05
2.80E-01	6.71E+05
2.90E-01	6.86E+05
3.00E-01	7.01E+05
3.10E-01	7.16E+05
3.20E-01	7.31E+05
3.30E-01	7.45E+05
3.40E-01	7.59E+05
3.50E-01	7.72E+05
3.60E-01	7.85E+05
5.31E-01	5.23E+05
5.41E-01	5.39E+05
5.51E-01	5.55E+05
5.61E-01	5.71E+05
5.71E-01	5.88E+05
5.81E-01	6.05E+05
5.91E-01	6.22E+05
6.01E-01	6.38E+05
6.11E-01	6.55E+05
6.21E-01	6.71E+05
6.31E-01	6.87E+05
6.41E-01	7.03E+05
6.51E-01	7.19E+05
6.61E-01	7.34E+05
6.71E-01	7.48E+05
6.81E-01	7.63E+05
6.91E-01	7.77E+05
7.01E-01	7.90E+05
7.11E-01	8.03E+05
7.21E-01	8.15E+05
9.31E-01	4.84E+05
9.41E-01	5.00E+05
9.51E-01	5.15E+05
9.61E-01	5.32E+05
9.71E-01	5.49E+05
9.81E-01	5.66E+05
9.91E-01	5.84E+05
1.00095	6.01E+05
1.01095	6.19E+05
1.02095	6.37E+05
1.03095	6.54E+05
1.04095	6.72E+05
1.05095	6.89E+05
1.06095	7.05E+05
1.07095	7.21E+05
1.08095	7.37E+05
1.09095	7.52E+05
1.10095	7.67E+05
1.11095	7.82E+05
1.12095	7.96E+05
1.13095	8.09E+05
1.14095	8.22E+05
1.15095	8.34E+05
1.16095	8.46E+05
1.40116	4.59E+05
1.41116	4.74E+05
1.42116	4.90E+05
1.43116	5.07E+05
1.44116	5.24E+05
1.45116	5.42E+05
1.46116	5.61E+05
1.47116	5.80E+05
1.48116	5.98E+05
1.49116	6.17E+05
1.50116	6.36E+05
1.51116	6.54E+05
1.52116	6.72E+05
1.53116	6.90E+05
1.54116	7.07E+05
1.55116	7.24E+05
1.56116	7.41E+05
1.57116	7.57E+05
1.58116	7.73E+05
1.59116	7.87E+05
1.60116	8.02E+05
1.61116	8.15E+05
1.62116	8.29E+05
1.63116	8.42E+05
1.64116	8.54E+05
1.65116	8.65E+05
1.91135	4.33E+05
1.92135	4.47E+05
1.93135	4.63E+05
1.94135	4.80E+05
1.95135	4.97E+05
1.96135	5.16E+05
1.97135	5.36E+05
1.98135	5.55E+05
1.99135	5.75E+05
2.00135	5.95E+05
2.01135	6.15E+05
2.02135	6.35E+05
2.03135	6.54E+05
2.04135	6.73E+05
2.05135	6.92E+05
2.06135	7.10E+05
2.07135	7.28E+05
2.08135	7.45E+05
2.09135	7.62E+05
2.10135	7.78E+05
2.11135	7.94E+05
2.12135	8.08E+05
2.13135	8.23E+05
2.14135	8.37E+05
2.15135	8.50E+05
2.16135	8.62E+05
2.17135	8.74E+05
2.18135	8.85E+05
2.46153	4.07E+05
2.47153	4.20E+05
2.48153	4.34E+05
2.49153	4.51E+05
2.50153	4.68E+05
2.51153	4.88E+05
2.52153	5.07E+05
2.53153	5.28E+05
2.54153	5.49E+05
2.55153	5.71E+05
2.56153	5.92E+05
2.57153	6.13E+05
2.58153	6.34E+05
2.59153	6.55E+05
2.60153	6.75E+05
2.61153	6.94E+05
2.62153	7.13E+05
2.63153	7.32E+05
2.64153	7.50E+05
2.65153	7.67E+05
2.66153	7.84E+05
2.67153	8.00E+05
2.68153	8.16E+05
2.69153	8.31E+05
2.70153	8.45E+05
2.71153	8.58E+05
2.72153	8.71E+05
2.73153	8.83E+05
2.74153	8.95E+05
2.75153	9.05E+05
3.05169	3.82E+05
3.06169	3.93E+05
3.07169	4.06E+05
3.08169	4.20E+05
3.09169	4.37E+05
3.10169	4.57E+05
3.11169	4.76E+05
3.12169	4.98E+05
3.13169	5.20E+05
3.14169	5.43E+05
3.15169	5.66E+05
3.16169	5.89E+05
3.17169	6.11E+05
3.18169	6.34E+05
3.19169	6.55E+05
3.20169	6.77E+05
3.21169	6.97E+05
3.22169	7.17E+05
3.23169	7.37E+05
3.24169	7.55E+05
3.25169	7.74E+05
3.26169	7.91E+05
3.27169	8.08E+05
3.28169	8.24E+05
3.29169	8.39E+05
3.30169	8.54E+05
3.31169	8.67E+05
3.32169	8.81E+05
3.33169	8.93E+05
3.34169	9.05E+05
3.35169	9.16E+05
3.36169	9.26E+05
3.68185	3.60E+05
3.69185	3.68E+05
3.70185	3.77E+05
3.71185	3.90E+05
3.72185	4.04E+05
3.73185	4.22E+05
3.74185	4.41E+05
3.75185	4.64E+05
3.76185	4.87E+05
3.77185	5.12E+05
3.78185	5.37E+05
3.79185	5.62E+05
3.80185	5.86E+05
3.81185	6.10E+05
3.82185	6.34E+05
3.83185	6.57E+05
3.84185	6.79E+05
3.85185	7.01E+05
3.86185	7.22E+05
3.87185	7.42E+05
3.88185	7.61E+05
3.89185	7.80E+05
3.90185	7.99E+05
3.91185	8.16E+05
3.92185	8.33E+05
3.93185	8.48E+05
3.94185	8.63E+05
3.95185	8.77E+05
3.96185	8.91E+05
3.97185	9.04E+05
3.98185	9.16E+05
3.99185	9.27E+05
4.00185	9.37E+05
4.01185	9.46E+05
4.35199	3.42E+05
4.362	3.47E+05
4.372	3.53E+05
4.382	3.60E+05
4.392	3.71E+05
4.402	3.85E+05
4.412	4.03E+05
4.422	4.25E+05
4.432	4.49E+05
4.442	4.77E+05
4.452	5.03E+05
4.462	5.32E+05
4.472	5.58E+05
4.482	5.84E+05
4.492	6.10E+05
4.502	6.35E+05
4.512	6.59E+05
4.522	6.82E+05
4.532	7.05E+05
4.542	7.27E+05
4.552	7.48E+05
4.562	7.68E+05
4.572	7.88E+05
4.582	8.07E+05
4.592	8.25E+05
4.602	8.42E+05
4.612	8.58E+05
4.622	8.74E+05
4.632	8.89E+05
4.642	9.02E+05
4.652	9.15E+05
4.662	9.27E+05
4.672	9.39E+05
4.682	9.49E+05
4.692	9.59E+05
4.702	9.67E+05
5.05215	3.32E+05
5.06215	3.35E+05
5.07215	3.36E+05
5.08215	3.41E+05
5.09215	3.47E+05
5.10215	3.61E+05
5.11215	3.81E+05
5.12215	4.05E+05
5.13215	4.34E+05
5.14215	4.63E+05
5.15215	4.94E+05
5.16215	5.24E+05
5.17215	5.55E+05
5.18215	5.82E+05
5.19215	6.10E+05
5.20215	6.36E+05
5.21215	6.62E+05
5.22215	6.86E+05
5.23215	7.10E+05
5.24215	7.33E+05
5.25215	7.55E+05
5.26215	7.76E+05
5.27215	7.96E+05
5.28215	8.16E+05
5.29215	8.34E+05
5.30215	8.52E+05
5.31215	8.69E+05
5.32215	8.85E+05
5.33215	9.00E+05
5.34215	9.15E+05
5.35215	9.28E+05
5.36215	9.40E+05
5.37215	9.52E+05
5.38215	9.62E+05
5.39215	9.72E+05
5.40215	9.80E+05
5.76229	3.24E+05
5.77229	3.23E+05
5.78229	3.19E+05
5.79229	3.18E+05
5.80229	3.14E+05
5.81229	3.17E+05
5.82229	3.31E+05
5.83229	3.53E+05
5.84229	3.83E+05
5.85229	4.17E+05
5.8623	4.52E+05
5.8723	4.87E+05
5.8823	5.20E+05
5.8923	5.52E+05
5.9023	5.81E+05
5.9123	6.11E+05
5.9223	6.39E+05
5.9323	6.65E+05
5.9423	6.91E+05
5.9523	7.16E+05
5.9623	7.39E+05
5.9723	7.62E+05
5.9823	7.84E+05
5.9923	8.05E+05
6.0023	8.26E+05
6.0123	8.45E+05
6.0223	8.64E+05
6.0323	8.81E+05
6.0423	8.97E+05
6.0523	9.13E+05
6.0623	9.27E+05
6.0723	9.41E+05
6.0823	9.54E+05
6.0923	9.65E+05
6.1023	9.76E+05
6.1123	9.85E+05
6.1223	9.94E+05
6.1323	1.00E+06
6.50244	3.18E+05
6.51244	3.14E+05
6.52244	3.07E+05
6.53244	2.98E+05
6.54244	2.83E+05
6.55244	2.80E+05
6.56244	2.90E+05
6.57244	3.18E+05
6.58244	3.57E+05
6.59244	3.99E+05
6.60244	4.40E+05
6.61244	4.79E+05
6.62244	5.16E+05
6.63244	5.51E+05
6.64244	5.83E+05
6.65244	6.13E+05
6.66244	6.42E+05
6.67244	6.70E+05
6.68244	6.97E+05
6.69244	7.22E+05
6.70244	7.47E+05
6.71244	7.71E+05
6.72244	7.94E+05
6.73244	8.16E+05
6.74244	8.36E+05
6.75244	8.56E+05
6.76244	8.76E+05
6.77244	8.94E+05
6.78244	9.11E+05
6.79244	9.26E+05
6.80244	9.41E+05
6.81244	9.56E+05
6.82244	9.68E+05
6.83244	9.80E+05
6.84244	9.90E+05
6.85244	1.00E+06
6.86244	1.01E+06
6.87245	1.02E+06
7.25258	3.23E+05
7.26258	3.17E+05
7.27258	3.09E+05
7.28258	2.95E+05
7.29258	2.76E+05
7.30258	2.52E+05
7.31258	2.29E+05
7.32258	2.29E+05
7.33258	2.69E+05
7.34258	3.26E+05
7.35258	3.83E+05
7.36258	4.31E+05
7.37258	4.75E+05
7.38258	5.15E+05
7.39258	5.51E+05
7.40258	5.85E+05
7.41258	6.17E+05
7.42258	6.47E+05
7.43258	6.77E+05
7.44258	7.04E+05
7.45258	7.30E+05
7.46258	7.55E+05
7.47258	7.80E+05
7.48258	8.03E+05
7.49258	8.26E+05
7.50258	8.48E+05
7.51258	8.69E+05
7.52258	8.89E+05
7.53258	9.08E+05
7.54258	9.25E+05
7.55258	9.42E+05
7.56258	9.57E+05
7.57258	9.71E+05
7.58258	9.84E+05
7.59258	9.96E+05
7.60258	1.01E+06
7.61259	1.02E+06
7.62259	1.02E+06
7.63259	1.03E+06
7.64259	1.04E+06
8.03271	3.27E+05
8.04271	3.21E+05
8.05271	3.08E+05
8.06271	2.90E+05
8.07271	2.63E+05
8.08272	2.18E+05
8.09272	1.44E+05
8.11272	2.11E+05
8.12272	3.02E+05
8.13272	3.71E+05
8.14272	4.27E+05
8.15272	4.75E+05
8.16272	5.17E+05
8.17272	5.55E+05
8.18272	5.90E+05
8.19272	6.23E+05
8.20272	6.54E+05
8.21272	6.82E+05
8.22272	7.12E+05
8.23272	7.39E+05
8.24272	7.65E+05
8.25272	7.90E+05
8.26272	8.15E+05
8.27272	8.38E+05
8.28272	8.61E+05
8.29272	8.82E+05
8.30272	9.03E+05
8.31272	9.23E+05
8.32272	9.41E+05
8.33272	9.58E+05
8.34272	9.74E+05
8.35272	9.88E+05
8.36272	1.00E+06
8.37272	1.01E+06
8.38272	1.02E+06
8.39272	1.03E+06
8.40272	1.04E+06
8.41272	1.05E+06
8.42272	1.05E+06
8.81285	3.36E+05
8.82285	3.28E+05
8.83285	3.15E+05
8.84285	2.94E+05
8.85285	2.65E+05
8.86285	2.17E+05
8.89285	1.86E+05
8.90285	3.01E+05
8.91285	3.74E+05
8.92285	4.31E+05
8.93285	4.77E+05
8.94285	5.22E+05
8.95285	5.61E+05
8.96285	5.97E+05
8.97285	6.31E+05
8.98285	6.62E+05
8.99285	6.92E+05
9.00285	7.21E+05
9.01285	7.48E+05
9.02285	7.75E+05
9.03286	8.01E+05
9.04286	8.26E+05
9.05286	8.50E+05
9.06286	8.74E+05
9.07286	8.96E+05
9.08286	9.18E+05
9.09286	9.39E+05
9.10286	9.59E+05
9.11286	9.75E+05
9.12286	9.92E+05
9.13286	1.01E+06
9.14286	1.02E+06
9.15286	1.03E+06
9.16286	1.04E+06
9.17286	1.05E+06
9.18286	1.06E+06
9.19286	1.06E+06
9.20286	1.07E+06
9.60298	3.53E+05
9.61298	3.48E+05
9.62298	3.40E+05
9.63298	3.28E+05
9.64298	3.10E+05
9.65298	2.84E+05
9.66298	2.44E+05
9.67299	1.89E+05
9.68299	1.73E+05
9.69299	2.47E+05
9.70299	3.24E+05
9.71299	3.90E+05
9.72299	4.44E+05
9.73299	4.91E+05
9.74299	5.33E+05
9.75299	5.71E+05
9.76299	6.06E+05
9.77299	6.40E+05
9.78299	6.71E+05
9.79299	7.02E+05
9.80299	7.31E+05
9.81299	7.58E+05
9.82299	7.86E+05
9.83299	8.13E+05
9.84299	8.39E+05
9.85299	8.64E+05
9.86299	8.88E+05
9.87299	9.11E+05
9.88299	9.34E+05
9.89299	9.55E+05
9.90299	9.76E+05
9.91299	9.94E+05
9.92299	1.01E+06
9.93299	1.03E+06
9.94299	1.04E+06
9.95299	1.05E+06
9.96299	1.06E+06
9.97299	1.07E+06
9.98299	1.08E+06
9.99299	1.08E+06
10.003	1.09E+06
10.013	1.09E+06
10.4231	3.67E+05
10.4331	3.63E+05
10.4431	3.56E+05
10.4531	3.46E+05
10.4631	3.32E+05
10.4731	3.14E+05
10.4831	2.95E+05
10.4931	2.79E+05
10.5031	2.83E+05
10.5131	3.19E+05
10.5231	3.68E+05
10.5331	4.17E+05
10.5431	4.64E+05
10.5531	5.07E+05
10.5631	5.46E+05
10.5731	5.83E+05
10.5831	6.18E+05
10.5931	6.51E+05
10.6031	6.82E+05
10.6131	7.13E+05
10.6231	7.42E+05
10.6331	7.71E+05
10.6431	7.98E+05
10.6531	8.26E+05
10.6631	8.52E+05
10.6731	8.78E+05
10.6831	9.04E+05
10.6931	9.29E+05
10.7031	9.51E+05
10.7131	9.75E+05
10.7231	9.96E+05
10.7331	1.02E+06
10.7431	1.03E+06
10.7531	1.05E+06
10.7631	1.06E+06
10.7731	1.07E+06
10.7831	1.08E+06
10.7931	1.09E+06
10.8031	1.10E+06
10.8131	1.10E+06
10.8231	1.11E+06
10.8331	1.11E+06
11.2432	3.83E+05
11.2532	3.80E+05
11.2632	3.75E+05
11.2732	3.68E+05
11.2832	3.59E+05
11.2932	3.50E+05
11.3032	3.42E+05
11.3132	3.40E+05
11.3232	3.48E+05
11.3332	3.75E+05
11.3432	4.09E+05
11.3532	4.48E+05
11.3632	4.89E+05
11.3732	5.26E+05
11.3832	5.63E+05
11.3932	5.97E+05
11.4032	6.28E+05
11.4132	6.63E+05
11.4233	6.94E+05
11.4333	7.24E+05
11.4433	7.54E+05
11.4533	7.82E+05
11.4633	8.11E+05
11.4733	8.39E+05
11.4833	8.66E+05
11.4933	8.93E+05
11.5033	9.19E+05
11.5133	9.46E+05
11.5233	9.71E+05
11.5333	9.92E+05
11.5433	1.02E+06
11.5533	1.04E+06
11.5633	1.06E+06
11.5733	1.07E+06
11.5833	1.09E+06
11.5933	1.10E+06
11.6033	1.10E+06
11.6133	1.11E+06
11.6233	1.12E+06
11.6333	1.12E+06
11.6433	1.12E+06
11.6533	1.13E+06
12.0634	4.00E+05
12.0734	3.98E+05
12.0834	3.95E+05
12.0934	3.91E+05
12.1034	3.87E+05
12.1134	3.84E+05
12.1234	3.84E+05
12.1334	3.87E+05
12.1434	3.99E+05
12.1534	4.19E+05
12.1634	4.47E+05
12.1734	4.79E+05
12.1834	5.13E+05
12.1934	5.47E+05
12.2034	5.81E+05
12.2134	6.13E+05
12.2234	6.45E+05
12.2334	6.77E+05
12.2434	7.07E+05
12.2534	7.37E+05
12.2634	7.65E+05
12.2734	7.95E+05
12.2834	8.24E+05
12.2934	8.52E+05
12.3034	8.80E+05
12.3134	9.09E+05
12.3234	9.36E+05
12.3334	9.63E+05
12.3434	9.90E+05
12.3534	1.02E+06
12.3634	1.04E+06
12.3734	1.06E+06
12.3834	1.08E+06
12.3934	1.10E+06
12.4034	1.11E+06
12.4134	1.12E+06
12.4234	1.13E+06
12.4334	1.14E+06
12.4434	1.14E+06
12.4534	1.14E+06
12.4634	1.14E+06
12.4734	1.14E+06
12.8835	4.19E+05
12.8935	4.18E+05
12.9035	4.17E+05
12.9135	4.16E+05
12.9235	4.15E+05
12.9335	4.16E+05
12.9435	4.19E+05
12.9535	4.26E+05
12.9635	4.39E+05
12.9735	4.57E+05
12.9835	4.81E+05
12.9935	5.08E+05
13.0035	5.38E+05
13.0135	5.68E+05
13.0235	6.00E+05
13.0335	6.31E+05
13.0435	6.61E+05
13.0535	6.91E+05
13.0635	7.21E+05
13.0735	7.50E+05
13.0835	7.80E+05
13.0935	8.09E+05
13.1035	8.38E+05
13.1135	8.66E+05
13.1235	8.95E+05
13.1335	9.24E+05
13.1435	9.53E+05
13.1535	9.82E+05
13.1635	1.01E+06
13.1735	1.04E+06
13.1835	1.06E+06
13.1935	1.09E+06
13.2035	1.11E+06
13.2135	1.13E+06
13.2235	1.14E+06
13.2335	1.15E+06
13.2435	1.16E+06
13.2535	1.16E+06
13.2635	1.16E+06
13.2735	1.16E+06
13.2835	1.16E+06
13.2935	1.16E+06
13.7036	4.37E+05
13.7136	4.38E+05
13.7236	4.38E+05
13.7336	4.39E+05
13.7436	4.41E+05
13.7536	4.45E+05
13.7636	4.50E+05
13.7736	4.60E+05
13.7836	4.75E+05
13.7936	4.91E+05
13.8036	5.11E+05
13.8136	5.35E+05
13.8236	5.62E+05
13.8336	5.90E+05
13.8436	6.19E+05
13.8536	6.47E+05
13.8636	6.76E+05
13.8736	7.05E+05
13.8836	7.34E+05
13.8936	7.63E+05
13.9036	7.92E+05
13.9136	8.21E+05
13.9236	8.50E+05
13.9336	8.80E+05
13.9436	9.10E+05
13.9536	9.40E+05
13.9636	9.70E+05
13.9736	1.00E+06
13.9836	1.03E+06
13.9936	1.06E+06
14.0036	1.09E+06
14.0136	1.12E+06
14.0236	1.14E+06
14.0336	1.16E+06
14.0436	1.17E+06
14.0536	1.18E+06
14.0636	1.19E+06
14.0736	1.19E+06
14.0836	1.18E+06
14.0936	1.18E+06
14.1036	1.18E+06
14.1136	1.18E+06
14.5238	4.56E+05
14.5338	4.57E+05
14.5438	4.59E+05
14.5538	4.59E+05
14.5638	4.66E+05
14.5738	4.71E+05
14.5838	4.79E+05
14.5938	4.90E+05
14.6038	5.02E+05
14.6138	5.19E+05
14.6238	5.39E+05
14.6338	5.61E+05
14.6438	5.85E+05
14.6538	6.10E+05
14.6638	6.37E+05
14.6738	6.64E+05
14.6838	6.92E+05
14.6938	7.20E+05
14.7038	7.48E+05
14.7138	7.77E+05
14.7238	8.03E+05
14.7338	8.34E+05
14.7438	8.63E+05
14.7538	8.94E+05
14.7638	9.24E+05
14.7738	9.55E+05
14.7838	9.87E+05
14.7938	1.02E+06
14.8038	1.05E+06
14.8138	1.09E+06
14.8238	1.12E+06
14.8338	1.15E+06
14.8438	1.18E+06
14.8538	1.20E+06
14.8638	1.21E+06
14.8738	1.22E+06
14.8838	1.22E+06
14.8938	1.21E+06
14.9038	1.21E+06
14.9138	1.20E+06
14.9238	1.20E+06
14.9338	1.20E+06
15.3439	4.74E+05
15.3539	4.77E+05
15.3639	4.80E+05
15.3739	4.84E+05
15.3839	4.88E+05
15.3939	4.96E+05
15.4039	5.05E+05
15.4139	5.15E+05
15.4239	5.29E+05
15.4339	5.46E+05
15.4439	5.63E+05
15.4539	5.84E+05
15.4639	6.06E+05
15.4739	6.30E+05
15.4839	6.55E+05
15.4939	6.81E+05
15.5039	7.07E+05
15.5139	7.34E+05
15.5239	7.62E+05
15.5339	7.90E+05
15.5439	8.18E+05
15.5539	8.47E+05
15.5639	8.76E+05
15.5739	9.08E+05
15.5839	9.37E+05
15.5939	9.70E+05
15.6039	1.00E+06
15.6139	1.04E+06
15.6239	1.07E+06
15.6339	1.11E+06
15.6439	1.15E+06
15.6539	1.19E+06
15.6639	1.22E+06
15.6739	1.25E+06
15.6839	1.26E+06
15.6939	1.26E+06
15.7039	1.25E+06
15.7139	1.24E+06
15.7239	1.23E+06
15.7339	1.23E+06
15.7439	1.22E+06
15.7539	1.22E+06
16.164	4.92E+05
16.174	4.95E+05
16.184	5.00E+05
16.194	5.05E+05
16.204	5.11E+05
16.214	5.18E+05
16.224	5.28E+05
16.234	5.39E+05
16.244	5.53E+05
16.254	5.68E+05
16.264	5.88E+05
16.274	6.05E+05
16.284	6.26E+05
16.294	6.49E+05
16.304	6.72E+05
16.314	6.97E+05
16.324	7.22E+05
16.334	7.48E+05
16.344	7.75E+05
16.354	8.02E+05
16.364	8.30E+05
16.374	8.58E+05
16.384	8.88E+05
16.394	9.19E+05
16.404	9.50E+05
16.414	9.83E+05
16.424	1.02E+06
16.434	1.05E+06
16.444	1.09E+06
16.454	1.14E+06
16.464	1.18E+06
16.474	1.23E+06
16.484	1.28E+06
16.494	1.32E+06
16.504	1.32E+06
16.514	1.31E+06
16.524	1.29E+06
16.534	1.27E+06
16.544	1.25E+06
16.554	1.24E+06
16.564	1.24E+06
16.574	1.23E+06
16.9842	5.09E+05
16.9942	5.13E+05
17.0042	5.19E+05
17.0142	5.24E+05
17.0242	5.31E+05
17.0342	5.39E+05
17.0442	5.50E+05
17.0542	5.61E+05
17.0642	5.74E+05
17.0742	5.89E+05
17.0842	6.06E+05
17.0942	6.25E+05
17.1042	6.45E+05
17.1142	6.66E+05
17.1242	6.89E+05
17.1342	7.12E+05
17.1442	7.37E+05
17.1542	7.62E+05
17.1642	7.87E+05
17.1742	8.14E+05
17.1842	8.42E+05
17.1942	8.70E+05
17.2042	8.99E+05
17.2142	9.29E+05
17.2242	9.60E+05
17.2342	9.94E+05
17.2442	1.03E+06
17.2542	1.07E+06
17.2642	1.11E+06
17.2742	1.16E+06
17.2842	1.21E+06
17.2942	1.28E+06
17.3042	1.35E+06
17.3142	1.43E+06
17.3242	1.41E+06
17.3342	1.36E+06
17.3442	1.32E+06
17.3542	1.29E+06
17.3642	1.27E+06
17.3742	1.26E+06
17.3842	1.25E+06
17.3942	1.25E+06
17.7943	5.31E+05
17.8043	5.36E+05
17.8143	5.43E+05
17.8243	5.50E+05
17.8343	5.59E+05
17.8443	5.69E+05
17.8543	5.80E+05
17.8643	5.94E+05
17.8743	6.09E+05
17.8843	6.25E+05
17.8943	6.43E+05
17.9043	6.62E+05
17.9143	6.83E+05
17.9243	7.04E+05
17.9343	7.26E+05
17.9443	7.50E+05
17.9543	7.74E+05
17.9643	7.99E+05
17.9743	8.25E+05
17.9843	8.52E+05
17.9943	8.81E+05
18.0043	9.09E+05
18.0143	9.39E+05
18.0243	9.70E+05
18.0343	1.00E+06
18.0443	1.04E+06
18.0543	1.08E+06
18.0643	1.12E+06
18.0743	1.17E+06
18.0843	1.23E+06
18.0943	1.30E+06
18.1043	1.41E+06
18.1343	1.38E+06
18.1443	1.34E+06
18.1543	1.31E+06
18.1643	1.28E+06
18.1743	1.27E+06
18.1843	1.26E+06
18.5744	5.47E+05
18.5844	5.53E+05
18.5944	5.60E+05
18.6044	5.69E+05
18.6144	5.77E+05
18.6244	5.87E+05
18.6344	5.99E+05
18.6444	6.12E+05
18.6544	6.27E+05
18.6644	6.43E+05
18.6744	6.60E+05
18.6844	6.78E+05
18.6944	6.98E+05
18.7044	7.18E+05
18.7144	7.40E+05
18.7244	7.62E+05
18.7344	7.86E+05
18.7444	8.11E+05
18.7544	8.36E+05
18.7644	8.62E+05
18.7744	8.88E+05
18.7844	9.17E+05
18.7944	9.47E+05
18.8044	9.78E+05
18.8144	1.01E+06
18.8244	1.05E+06
18.8344	1.08E+06
18.8444	1.13E+06
18.8544	1.17E+06
18.8644	1.23E+06
18.8744	1.30E+06
18.8844	1.39E+06
18.9044	1.46E+06
18.9144	1.38E+06
18.9244	1.34E+06
18.9344	1.31E+06
18.9444	1.29E+06
18.9544	1.28E+06
18.9644	1.27E+06
19.3546	5.63E+05
19.3646	5.69E+05
19.3746	5.78E+05
19.3846	5.85E+05
19.3946	5.95E+05
19.4046	6.05E+05
19.4146	6.16E+05
19.4246	6.29E+05
19.4346	6.43E+05
19.4446	6.59E+05
19.4546	6.75E+05
19.4646	6.93E+05
19.4746	7.12E+05
19.4846	7.32E+05
19.4946	7.52E+05
19.5046	7.74E+05
19.5146	7.99E+05
19.5246	8.21E+05
19.5346	8.45E+05
19.5446	8.70E+05
19.5546	8.97E+05
19.5646	9.24E+05
19.5746	9.53E+05
19.5846	9.83E+05
19.5946	1.02E+06
19.6046	1.05E+06
19.6146	1.09E+06
19.6246	1.13E+06
19.6346	1.17E+06
19.6446	1.22E+06
19.6546	1.27E+06
19.6646	1.33E+06
19.6746	1.37E+06
19.6846	1.37E+06
19.6946	1.35E+06
19.7046	1.32E+06
19.7146	1.31E+06
19.7246	1.29E+06
19.7346	1.28E+06
19.7446	1.28E+06
20.1247	5.85E+05
20.1347	5.92E+05
20.1447	6.02E+05
20.1547	6.11E+05
20.1647	6.21E+05
20.1747	6.32E+05
20.1847	6.45E+05
20.1947	6.59E+05
20.2047	6.73E+05
20.2147	6.90E+05
20.2247	7.07E+05
20.2347	7.25E+05
20.2447	7.44E+05
20.2547	7.64E+05
20.2647	7.85E+05
20.2747	8.07E+05
20.2847	8.30E+05
20.2947	8.54E+05
20.3047	8.78E+05
20.3147	9.04E+05
20.3247	9.31E+05
20.3347	9.58E+05
20.3447	9.87E+05
20.3547	1.02E+06
20.3647	1.05E+06
20.3747	1.08E+06
20.3847	1.12E+06
20.3947	1.16E+06
20.4047	1.20E+06
20.4147	1.24E+06
20.4247	1.28E+06
20.4347	1.31E+06
20.4447	1.32E+06
20.4547	1.32E+06
20.4647	1.30E+06
20.4747	1.29E+06
20.4847	1.28E+06
20.4947	1.28E+06
20.8649	5.99E+05
20.8749	6.07E+05
20.8849	6.16E+05
20.8949	6.25E+05
20.9049	6.35E+05
20.9149	6.46E+05
20.9249	6.59E+05
20.9349	6.73E+05
20.9449	6.87E+05
20.9549	7.03E+05
20.9649	7.20E+05
20.9749	7.37E+05
20.9849	7.56E+05
20.9949	7.75E+05
21.0049	7.95E+05
21.0149	8.16E+05
21.0249	8.39E+05
21.0349	8.61E+05
21.0449	8.85E+05
21.0549	9.09E+05
21.0649	9.35E+05
21.0749	9.62E+05
21.0849	9.90E+05
21.0949	1.02E+06
21.1049	1.05E+06
21.1149	1.08E+06
21.1249	1.11E+06
21.1349	1.15E+06
21.1449	1.18E+06
21.1549	1.22E+06
21.1649	1.25E+06
21.1749	1.27E+06
21.1849	1.28E+06
21.1949	1.29E+06
21.2049	1.28E+06
21.2149	1.28E+06
21.2249	1.28E+06
21.2349	1.28E+06
21.595	6.20E+05
21.605	6.29E+05
21.615	6.39E+05
21.625	6.50E+05
21.635	6.60E+05
21.645	6.73E+05
21.655	6.86E+05
21.665	7.00E+05
21.675	7.15E+05
21.685	7.31E+05
21.695	7.49E+05
21.705	7.66E+05
21.715	7.86E+05
21.725	8.04E+05
21.735	8.24E+05
21.745	8.45E+05
21.755	8.68E+05
21.765	8.91E+05
21.775	9.14E+05
21.785	9.39E+05
21.795	9.64E+05
21.805	9.91E+05
21.815	1.02E+06
21.825	1.05E+06
21.835	1.08E+06
21.845	1.11E+06
21.855	1.14E+06
21.865	1.16E+06
21.875	1.19E+06
21.885	1.22E+06
21.895	1.24E+06
21.905	1.25E+06
21.915	1.26E+06
21.925	1.27E+06
21.935	1.27E+06
21.945	1.27E+06
22.2952	6.33E+05
22.3052	6.42E+05
22.3152	6.51E+05
22.3252	6.63E+05
22.3352	6.74E+05
22.3452	6.85E+05
22.3552	6.98E+05
22.3652	7.12E+05
22.3752	7.27E+05
22.3852	7.43E+05
22.3952	7.59E+05
22.4052	7.76E+05
22.4152	7.94E+05
22.4252	8.13E+05
22.4352	8.33E+05
22.4452	8.52E+05
22.4552	8.74E+05
22.4652	8.96E+05
22.4752	9.18E+05
22.4852	9.42E+05
22.4952	9.66E+05
22.5052	9.91E+05
22.5152	1.02E+06
22.5252	1.04E+06
22.5352	1.07E+06
22.5452	1.10E+06
22.5552	1.12E+06
22.5652	1.15E+06
22.5752	1.18E+06
22.5852	1.20E+06
22.5952	1.22E+06
22.6052	1.23E+06
22.6152	1.24E+06
22.6252	1.25E+06
22.6352	1.25E+06
22.6452	1.26E+06
22.9853	6.54E+05
22.9953	6.63E+05
23.0053	6.74E+05
23.0153	6.86E+05
23.0253	6.97E+05
23.0353	7.10E+05
23.0453	7.23E+05
23.0553	7.37E+05
23.0653	7.52E+05
23.0753	7.68E+05
23.0853	7.85E+05
23.0953	8.02E+05
23.1053	8.20E+05
23.1153	8.39E+05
23.1253	8.60E+05
23.1353	8.78E+05
23.1453	9.00E+05
23.1553	9.22E+05
23.1653	9.44E+05
23.1753	9.67E+05
23.1853	9.90E+05
23.1953	1.01E+06
23.2053	1.04E+06
23.2153	1.06E+06
23.2253	1.09E+06
23.2353	1.11E+06
23.2453	1.14E+06
23.2553	1.16E+06
23.2653	1.18E+06
23.2753	1.20E+06
23.2853	1.21E+06
23.2953	1.22E+06
23.3053	1.23E+06
23.3153	1.24E+06
23.6355	6.75E+05
23.6455	6.85E+05
23.6555	6.96E+05
23.6655	7.08E+05
23.6755	7.20E+05
23.6855	7.33E+05
23.6955	7.47E+05
23.7055	7.62E+05
23.7155	7.77E+05
23.7255	7.93E+05
23.7355	8.10E+05
23.7455	8.27E+05
23.7555	8.45E+05
23.7655	8.64E+05
23.7755	8.86E+05
23.7855	9.05E+05
23.7955	9.24E+05
23.8055	9.45E+05
23.8155	9.67E+05
23.8255	9.89E+05
23.8355	1.01E+06
23.8455	1.03E+06
23.8555	1.06E+06
23.8655	1.08E+06
23.8755	1.10E+06
23.8855	1.13E+06
23.8955	1.14E+06
23.9055	1.16E+06
23.9155	1.18E+06
23.9255	1.20E+06
23.9355	1.21E+06
23.9455	1.22E+06
24.2456	6.96E+05
24.2556	7.06E+05
24.2656	7.18E+05
24.2757	7.30E+05
24.2857	7.42E+05
24.2957	7.56E+05
24.3057	7.70E+05
24.3157	7.85E+05
24.3257	8.00E+05
24.3357	8.16E+05
24.3457	8.32E+05
24.3557	8.50E+05
24.3657	8.69E+05
24.3757	8.88E+05
24.3857	9.07E+05
24.3957	9.27E+05
24.4057	9.46E+05
24.4157	9.67E+05
24.4257	9.88E+05
24.4357	1.01E+06
24.4457	1.03E+06
24.4557	1.05E+06
24.4657	1.07E+06
24.4757	1.09E+06
24.4857	1.11E+06
24.4957	1.13E+06
24.5057	1.15E+06
24.5157	1.17E+06
24.5257	1.18E+06
24.5357	1.19E+06
24.8158	7.16E+05
24.8258	7.27E+05
24.8358	7.39E+05
24.8458	7.51E+05
24.8558	7.64E+05
24.8658	7.78E+05
24.8758	7.92E+05
24.8858	8.07E+05
24.8958	8.23E+05
24.9058	8.39E+05
24.9158	8.55E+05
24.9258	8.72E+05
24.9358	8.90E+05
24.9458	9.09E+05
24.9558	9.28E+05
24.9658	9.46E+05
24.9758	9.66E+05
24.9858	9.86E+05
24.9958	1.01E+06
25.0058	1.03E+06
25.0158	1.05E+06
25.0258	1.07E+06
25.0358	1.08E+06
25.0458	1.10E+06
25.0558	1.12E+06
25.0658	1.14E+06
25.0758	1.15E+06
25.0858	1.17E+06
25.346	7.36E+05
25.356	7.48E+05
25.366	7.59E+05
25.376	7.72E+05
25.386	7.85E+05
25.396	7.99E+05
25.406	8.13E+05
25.416	8.29E+05
25.426	8.44E+05
25.436	8.60E+05
25.446	8.76E+05
25.456	8.93E+05
25.466	9.09E+05
25.476	9.28E+05
25.486	9.47E+05
25.496	9.65E+05
25.506	9.84E+05
25.516	1.00E+06
25.526	1.02E+06
25.536	1.04E+06
25.546	1.06E+06
25.556	1.08E+06
25.566	1.09E+06
25.576	1.11E+06
25.586	1.13E+06
25.596	1.14E+06
25.8362	7.55E+05
25.8462	7.67E+05
25.8562	7.79E+05
25.8662	7.92E+05
25.8762	8.05E+05
25.8862	8.19E+05
25.8962	8.33E+05
25.9062	8.48E+05
25.9162	8.64E+05
25.9262	8.79E+05
25.9362	8.96E+05
25.9462	9.12E+05
25.9562	9.28E+05
25.9662	9.46E+05
25.9762	9.64E+05
25.9862	9.82E+05
25.9963	9.99E+05
26.0063	1.02E+06
26.0163	1.03E+06
26.0263	1.05E+06
26.0363	1.07E+06
26.0463	1.09E+06
26.0563	1.10E+06
26.0663	1.12E+06
26.2765	7.86E+05
26.2865	7.98E+05
26.2965	8.11E+05
26.3065	8.24E+05
26.3165	8.38E+05
26.3265	8.52E+05
26.3365	8.67E+05
26.3465	8.82E+05
26.3565	8.98E+05
26.3665	9.13E+05
26.3765	9.29E+05
26.3865	9.46E+05
26.3965	9.62E+05
26.4065	9.79E+05
26.4165	9.96E+05
26.4265	1.01E+06
26.4365	1.03E+06
26.4465	1.05E+06
26.4565	1.06E+06
26.4665	1.08E+06
26.6368	8.16E+05
26.6468	8.29E+05
26.6568	8.42E+05
26.6668	8.56E+05
26.6768	8.70E+05
26.6868	8.84E+05
26.6968	8.99E+05
26.7068	9.14E+05
26.7168	9.30E+05
26.7268	9.45E+05
26.7368	9.61E+05
26.7468	9.77E+05
26.7568	9.93E+05
26.7668	1.01E+06
26.7768	1.02E+06
26.7868	1.04E+06
26.9072	8.59E+05
26.9172	8.73E+05
26.9272	8.86E+05
26.9372	9.01E+05
26.9472	9.15E+05
26.9572	9.30E+05
26.9672	9.44E+05
26.9772	9.59E+05
26.9872	9.74E+05
26.9972	9.89E+05
